# JRE version: OpenJDK Runtime Environment Temurin-17.0.2+8 (17.0.2+8) (build 17.0.2+8)
# Java VM: OpenJDK 64-Bit Server VM Temurin-17.0.2+8 (17.0.2+8, mixed mode, emulated-client, tiered, compressed oops, compressed class ptrs, g1 gc, windows-amd64)
GC Precious Log:
 CPUs: 4 total, 4 available
 Memory: 4006M
 Large Page Support: Disabled
 NUMA Support: Disabled
 Compressed Oops: Enabled (32-bit)
 Heap Region Size: 1M
 Heap Min Capacity: 8M
 Heap Initial Capacity: 64M
 Heap Max Capacity: 1002M
 Pre-touch: Disabled
 Parallel Workers: 4
 Concurrent Workers: 1
 Concurrent Refinement Workers: 4
 Periodic GC: Disabled
Heap:
 garbage-first heap   total 46080K, used 31378K [0x00000000c1600000, 0x0000000100000000)
  region size 1024K, 15 young (15360K), 3 survivors (3072K)
 Metaspace       used 53295K, committed 53632K, reserved 1097728K
  class space    used 7087K, committed 7232K, reserved 1048576K
GC Heap History (20 events):
Event: 3.911 GC heap before
{Heap before GC invocations=7 (full 0):
 garbage-first heap   total 37888K, used 24429K [0x00000000c1600000, 0x0000000100000000)
  region size 1024K, 15 young (15360K), 1 survivors (1024K)
 Metaspace       used 28052K, committed 28352K, reserved 1081344K
  class space    used 3396K, committed 3520K, reserved 1048576K
}
Event: 3.914 GC heap after
{Heap after GC invocations=8 (full 0):
 garbage-first heap   total 37888K, used 11735K [0x00000000c1600000, 0x0000000100000000)
  region size 1024K, 2 young (2048K), 2 survivors (2048K)
 Metaspace       used 28052K, committed 28352K, reserved 1081344K
  class space    used 3396K, committed 3520K, reserved 1048576K
}
Event: 4.225 GC heap before
{Heap before GC invocations=8 (full 0):
 garbage-first heap   total 37888K, used 25047K [0x00000000c1600000, 0x0000000100000000)
  region size 1024K, 15 young (15360K), 2 survivors (2048K)
 Metaspace       used 29905K, committed 30208K, reserved 1081344K
  class space    used 3683K, committed 3840K, reserved 1048576K
}
Event: 4.227 GC heap after
{Heap after GC invocations=9 (full 0):
 garbage-first heap   total 37888K, used 12369K [0x00000000c1600000, 0x0000000100000000)
  region size 1024K, 2 young (2048K), 2 survivors (2048K)
 Metaspace       used 29905K, committed 30208K, reserved 1081344K
  class space    used 3683K, committed 3840K, reserved 1048576K
}
Event: 4.754 GC heap before
{Heap before GC invocations=9 (full 0):
 garbage-first heap   total 37888K, used 25681K [0x00000000c1600000, 0x0000000100000000)
  region size 1024K, 16 young (16384K), 2 survivors (2048K)
 Metaspace       used 31191K, committed 31488K, reserved 1081344K
  class space    used 3868K, committed 4032K, reserved 1048576K
}
Event: 4.757 GC heap after
{Heap after GC invocations=10 (full 0):
 garbage-first heap   total 37888K, used 13353K [0x00000000c1600000, 0x0000000100000000)
  region size 1024K, 2 young (2048K), 2 survivors (2048K)
 Metaspace       used 31191K, committed 31488K, reserved 1081344K
  class space    used 3868K, committed 4032K, reserved 1048576K
}
Event: 5.365 GC heap before
{Heap before GC invocations=10 (full 0):
 garbage-first heap   total 37888K, used 27689K [0x00000000c1600000, 0x0000000100000000)
  region size 1024K, 16 young (16384K), 2 survivors (2048K)
 Metaspace       used 32824K, committed 33152K, reserved 1081344K
  class space    used 4134K, committed 4288K, reserved 1048576K
}
Event: 5.369 GC heap after
{Heap after GC invocations=11 (full 0):
 garbage-first heap   total 37888K, used 14411K [0x00000000c1600000, 0x0000000100000000)
  region size 1024K, 2 young (2048K), 2 survivors (2048K)
 Metaspace       used 32824K, committed 33152K, reserved 1081344K
  class space    used 4134K, committed 4288K, reserved 1048576K
}
Event: 5.946 GC heap before
{Heap before GC invocations=11 (full 0):
 garbage-first heap   total 37888K, used 26699K [0x00000000c1600000, 0x0000000100000000)
  region size 1024K, 15 young (15360K), 2 survivors (2048K)
 Metaspace       used 34979K, committed 35264K, reserved 1081344K
  class space    used 4471K, committed 4608K, reserved 1048576K
}
Event: 5.951 GC heap after
{Heap after GC invocations=12 (full 0):
 garbage-first heap   total 37888K, used 15639K [0x00000000c1600000, 0x0000000100000000)
  region size 1024K, 2 young (2048K), 2 survivors (2048K)
 Metaspace       used 34979K, committed 35264K, reserved 1081344K
  class space    used 4471K, committed 4608K, reserved 1048576K
}
Event: 6.229 GC heap before
{Heap before GC invocations=12 (full 0):
 garbage-first heap   total 37888K, used 20759K [0x00000000c1600000, 0x0000000100000000)
  region size 1024K, 8 young (8192K), 2 survivors (2048K)
 Metaspace       used 35836K, committed 36096K, reserved 1081344K
  class space    used 4622K, committed 4736K, reserved 1048576K
}
Event: 6.233 GC heap after
{Heap after GC invocations=13 (full 0):
 garbage-first heap   total 37888K, used 16386K [0x00000000c1600000, 0x0000000100000000)
  region size 1024K, 1 young (1024K), 1 survivors (1024K)
 Metaspace       used 35836K, committed 36096K, reserved 1081344K
  class space    used 4622K, committed 4736K, reserved 1048576K
}
Event: 6.629 GC heap before
{Heap before GC invocations=14 (full 0):
 garbage-first heap   total 37888K, used 27650K [0x00000000c1600000, 0x0000000100000000)
  region size 1024K, 13 young (13312K), 1 survivors (1024K)
 Metaspace       used 37749K, committed 38080K, reserved 1089536K
  class space    used 4851K, committed 4992K, reserved 1048576K
}
Event: 6.633 GC heap after
{Heap after GC invocations=15 (full 0):
 garbage-first heap   total 46080K, used 17541K [0x00000000c1600000, 0x0000000100000000)
  region size 1024K, 2 young (2048K), 2 survivors (2048K)
 Metaspace       used 37749K, committed 38080K, reserved 1089536K
  class space    used 4851K, committed 4992K, reserved 1048576K
}
Event: 7.211 GC heap before
{Heap before GC invocations=15 (full 0):
 garbage-first heap   total 46080K, used 33925K [0x00000000c1600000, 0x0000000100000000)
  region size 1024K, 19 young (19456K), 2 survivors (2048K)
 Metaspace       used 40281K, committed 40640K, reserved 1089536K
  class space    used 5178K, committed 5312K, reserved 1048576K
}
Event: 7.216 GC heap after
{Heap after GC invocations=16 (full 0):
 garbage-first heap   total 46080K, used 18449K [0x00000000c1600000, 0x0000000100000000)
  region size 1024K, 3 young (3072K), 3 survivors (3072K)
 Metaspace       used 40281K, committed 40640K, reserved 1089536K
  class space    used 5178K, committed 5312K, reserved 1048576K
}
Event: 7.890 GC heap before
{Heap before GC invocations=16 (full 0):
 garbage-first heap   total 46080K, used 34833K [0x00000000c1600000, 0x0000000100000000)
  region size 1024K, 19 young (19456K), 3 survivors (3072K)
 Metaspace       used 44630K, committed 45056K, reserved 1089536K
  class space    used 5923K, committed 6144K, reserved 1048576K
}
Event: 7.895 GC heap after
{Heap after GC invocations=17 (full 0):
 garbage-first heap   total 46080K, used 19400K [0x00000000c1600000, 0x0000000100000000)
  region size 1024K, 2 young (2048K), 2 survivors (2048K)
 Metaspace       used 44630K, committed 45056K, reserved 1089536K
  class space    used 5923K, committed 6144K, reserved 1048576K
}
Event: 8.640 GC heap before
{Heap before GC invocations=17 (full 0):
 garbage-first heap   total 46080K, used 34760K [0x00000000c1600000, 0x0000000100000000)
  region size 1024K, 18 young (18432K), 2 survivors (2048K)
 Metaspace       used 51510K, committed 51840K, reserved 1097728K
  class space    used 6823K, committed 6976K, reserved 1048576K
}
Event: 8.646 GC heap after
{Heap after GC invocations=18 (full 0):
 garbage-first heap   total 46080K, used 21138K [0x00000000c1600000, 0x0000000100000000)
  region size 1024K, 3 young (3072K), 3 survivors (3072K)
 Metaspace       used 51510K, committed 51840K, reserved 1097728K
  class space    used 6823K, committed 6976K, reserved 1048576K
}

