# JRE version: OpenJDK Runtime Environment Temurin-17.0.2+8 (17.0.2+8) (build 17.0.2+8)
# Java VM: OpenJDK 64-Bit Server VM Temurin-17.0.2+8 (17.0.2+8, mixed mode, emulated-client, tiered, compressed oops, compressed class ptrs, g1 gc, windows-amd64)
GC Precious Log:
 CPUs: 4 total, 4 available
 Memory: 4006M
 Large Page Support: Disabled
 NUMA Support: Disabled
 Compressed Oops: Enabled (32-bit)
 Heap Region Size: 1M
 Heap Min Capacity: 8M
 Heap Initial Capacity: 64M
 Heap Max Capacity: 1002M
 Pre-touch: Disabled
 Parallel Workers: 4
 Concurrent Workers: 1
 Concurrent Refinement Workers: 4
 Periodic GC: Disabled
Heap:
 garbage-first heap   total 59392K, used 12834K [0x00000000c1600000, 0x0000000100000000)
  region size 1024K, 2 young (2048K), 2 survivors (2048K)
 Metaspace       used 31011K, committed 31296K, reserved 1081344K
  class space    used 3841K, committed 3968K, reserved 1048576K
GC Heap History (17 events):
Event: 1.286 GC heap before
{Heap before GC invocations=0 (full 0):
 garbage-first heap   total 65536K, used 13312K [0x00000000c1600000, 0x0000000100000000)
  region size 1024K, 13 young (13312K), 0 survivors (0K)
 Metaspace       used 13091K, committed 13248K, reserved 1064960K
  class space    used 1326K, committed 1408K, reserved 1048576K
}
Event: 1.296 GC heap after
{Heap after GC invocations=1 (full 0):
 garbage-first heap   total 65536K, used 6624K [0x00000000c1600000, 0x0000000100000000)
  region size 1024K, 2 young (2048K), 2 survivors (2048K)
 Metaspace       used 13091K, committed 13248K, reserved 1064960K
  class space    used 1326K, committed 1408K, reserved 1048576K
}
Event: 1.630 GC heap before
{Heap before GC invocations=1 (full 0):
 garbage-first heap   total 65536K, used 14816K [0x00000000c1600000, 0x0000000100000000)
  region size 1024K, 10 young (10240K), 2 survivors (2048K)
 Metaspace       used 15625K, committed 15872K, reserved 1064960K
  class space    used 1656K, committed 1728K, reserved 1048576K
}
Event: 1.638 GC heap after
{Heap after GC invocations=2 (full 0):
 garbage-first heap   total 65536K, used 7936K [0x00000000c1600000, 0x0000000100000000)
  region size 1024K, 2 young (2048K), 2 survivors (2048K)
 Metaspace       used 15625K, committed 15872K, reserved 1064960K
  class space    used 1656K, committed 1728K, reserved 1048576K
}
Event: 2.346 GC heap before
{Heap before GC invocations=2 (full 0):
 garbage-first heap   total 65536K, used 27392K [0x00000000c1600000, 0x0000000100000000)
  region size 1024K, 22 young (22528K), 2 survivors (2048K)
 Metaspace       used 19712K, committed 19968K, reserved 1073152K
  class space    used 2293K, committed 2432K, reserved 1048576K
}
Event: 2.350 GC heap after
{Heap after GC invocations=3 (full 0):
 garbage-first heap   total 65536K, used 9141K [0x00000000c1600000, 0x0000000100000000)
  region size 1024K, 3 young (3072K), 3 survivors (3072K)
 Metaspace       used 19712K, committed 19968K, reserved 1073152K
  class space    used 2293K, committed 2432K, reserved 1048576K
}
Event: 2.462 GC heap before
{Heap before GC invocations=3 (full 0):
 garbage-first heap   total 65536K, used 14261K [0x00000000c1600000, 0x0000000100000000)
  region size 1024K, 10 young (10240K), 3 survivors (3072K)
 Metaspace       used 21299K, committed 21504K, reserved 1073152K
  class space    used 2476K, committed 2560K, reserved 1048576K
}
Event: 2.466 GC heap after
{Heap after GC invocations=4 (full 0):
 garbage-first heap   total 65536K, used 9482K [0x00000000c1600000, 0x0000000100000000)
  region size 1024K, 3 young (3072K), 3 survivors (3072K)
 Metaspace       used 21299K, committed 21504K, reserved 1073152K
  class space    used 2476K, committed 2560K, reserved 1048576K
}
Event: 3.447 GC heap before
{Heap before GC invocations=5 (full 0):
 garbage-first heap   total 37888K, used 27914K [0x00000000c1600000, 0x0000000100000000)
  region size 1024K, 22 young (22528K), 3 survivors (3072K)
 Metaspace       used 24627K, committed 24896K, reserved 1073152K
  class space    used 3044K, committed 3136K, reserved 1048576K
}
Event: 3.454 GC heap after
{Heap after GC invocations=6 (full 0):
 garbage-first heap   total 37888K, used 10651K [0x00000000c1600000, 0x0000000100000000)
  region size 1024K, 4 young (4096K), 4 survivors (4096K)
 Metaspace       used 24627K, committed 24896K, reserved 1073152K
  class space    used 3044K, committed 3136K, reserved 1048576K
}
Event: 3.478 GC heap before
{Heap before GC invocations=6 (full 0):
 garbage-first heap   total 37888K, used 10651K [0x00000000c1600000, 0x0000000100000000)
  region size 1024K, 5 young (5120K), 4 survivors (4096K)
 Metaspace       used 24755K, committed 24960K, reserved 1073152K
  class space    used 3063K, committed 3136K, reserved 1048576K
}
Event: 3.486 GC heap after
{Heap after GC invocations=7 (full 0):
 garbage-first heap   total 37888K, used 10882K [0x00000000c1600000, 0x0000000100000000)
  region size 1024K, 1 young (1024K), 1 survivors (1024K)
 Metaspace       used 24755K, committed 24960K, reserved 1073152K
  class space    used 3063K, committed 3136K, reserved 1048576K
}
Event: 3.671 GC heap before
{Heap before GC invocations=7 (full 0):
 garbage-first heap   total 37888K, used 24194K [0x00000000c1600000, 0x0000000100000000)
  region size 1024K, 15 young (15360K), 1 survivors (1024K)
 Metaspace       used 27691K, committed 27968K, reserved 1081344K
  class space    used 3354K, committed 3520K, reserved 1048576K
}
Event: 3.673 GC heap after
{Heap after GC invocations=8 (full 0):
 garbage-first heap   total 37888K, used 11374K [0x00000000c1600000, 0x0000000100000000)
  region size 1024K, 2 young (2048K), 2 survivors (2048K)
 Metaspace       used 27691K, committed 27968K, reserved 1081344K
  class space    used 3354K, committed 3520K, reserved 1048576K
}
Event: 3.905 GC heap before
{Heap before GC invocations=8 (full 0):
 garbage-first heap   total 37888K, used 25710K [0x00000000c1600000, 0x0000000100000000)
  region size 1024K, 16 young (16384K), 2 survivors (2048K)
 Metaspace       used 29881K, committed 30208K, reserved 1081344K
  class space    used 3674K, committed 3840K, reserved 1048576K
}
Event: 3.908 GC heap after
{Heap after GC invocations=9 (full 0):
 garbage-first heap   total 37888K, used 12076K [0x00000000c1600000, 0x0000000100000000)
  region size 1024K, 2 young (2048K), 2 survivors (2048K)
 Metaspace       used 29881K, committed 30208K, reserved 1081344K
  class space    used 3674K, committed 3840K, reserved 1048576K
}
Event: 4.245 GC heap before
{Heap before GC invocations=9 (full 0):
 garbage-first heap   total 37888K, used 25388K [0x00000000c1600000, 0x0000000100000000)
  region size 1024K, 16 young (16384K), 2 survivors (2048K)
 Metaspace       used 31011K, committed 31296K, reserved 1081344K
  class space    used 3841K, committed 3968K, reserved 1048576K
}

